This file contains any messages produced by compilers while
running configure, to aid debugging if configure makes a mistake.

configure:647:26: fatal error: minix/config.h: No such file or directory
compilation terminated.
configure:768:1: warning: return type defaults to 'int' [-Wimplicit-int]
 main(){return(0);}
 ^
configure: In function 'main':
configure:855:67: warning: implicit declaration of function 'exit' [-Wimplicit-function-declaration]
 if (XOR (islower (i), ISLOWER (i)) || toupper (i) != TOUPPER (i)) exit(2);
                                                                   ^
configure:855:67: warning: incompatible implicit declaration of built-in function 'exit'
configure:855:67: note: include '<stdlib.h>' or provide a declaration of 'exit'
configure:856:1: warning: incompatible implicit declaration of built-in function 'exit'
 exit (0); }
 ^
configure:856:1: note: include '<stdlib.h>' or provide a declaration of 'exit'
configure: In function 't':
configure:967:1: warning: implicit declaration of function 'opendir' [-Wimplicit-function-declaration]
 opendir()
 ^
/usr/bin/ld: cannot find -ldir
collect2: error: ld returned 1 exit status
/usr/bin/ld: cannot find -lx
collect2: error: ld returned 1 exit status
configure: In function 't':
configure:1201:6: warning: conflicting types for built-in function 'memchr'
 char $ac_func(); $ac_func();
      ^
configure: In function 't':
configure:1201:6: warning: conflicting types for built-in function 'strchr'
 char $ac_func(); $ac_func();
      ^
/tmp/ccZyQDDl.o: In function `t':
/home/zhang/CLionProjects/monitor/diff/configure:1201: warning: the use of `tmpnam' is dangerous, better use `mkstemp'
configure:1577:17: warning: return type defaults to 'int' [-Wimplicit-int]
 int closedir(); main() { exit(closedir(opendir(".")) != 0); }
                 ^
configure: In function 'main':
configure:1577:26: warning: implicit declaration of function 'exit' [-Wimplicit-function-declaration]
 int closedir(); main() { exit(closedir(opendir(".")) != 0); }
                          ^
configure:1577:26: warning: incompatible implicit declaration of built-in function 'exit'
configure:1577:26: note: include '<stdlib.h>' or provide a declaration of 'exit'
configure:1604:19: fatal error: vfork.h: No such file or directory
compilation terminated.
configure:1660:1: warning: return type defaults to 'int' [-Wimplicit-int]
 sparc_address_test (arg) int arg;
 ^
configure:1677:1: warning: return type defaults to 'int' [-Wimplicit-int]
 main() {
 ^
configure: In function 'main':
configure:1723:12: warning: implicit declaration of function 'wait' [-Wimplicit-function-declaration]
     while (wait(&status) != child)
            ^
configure:1725:5: warning: implicit declaration of function 'exit' [-Wimplicit-function-declaration]
     exit(
     ^
configure:1725:5: warning: incompatible implicit declaration of built-in function 'exit'
configure:1725:5: note: include '<stdlib.h>' or provide a declaration of 'exit'
configure: In function 'sparc_address_test':
configure:1670:7: warning: ignoring return value of 'write', declared with attribute warn_unused_result [-Wunused-result]
       write(-1, "", 0);
       ^
configure: In function 't':
configure:1780:6: warning: conflicting types for built-in function 'vprintf'
 char vprintf(); vprintf();
      ^
